/Users/RH/Library/Python/3.9/lib/python/site-packages/urllib3/__init__.py:35: NotOpenSSLWarning: urllib3 v2 only supports OpenSSL 1.1.1+, currently the 'ssl' module is compiled with 'LibreSSL 2.8.3'. See: https://github.com/urllib3/urllib3/issues/3020
  warnings.warn(
Items without image: 469 / 861

=== Fetching unit data from GameWith ===
  Found 489 units
=== Fetching character data from GameWith ===
  Fetching: https://gamewith.jp/ggene-eternal/494682
  Fetching: https://gamewith.jp/ggene-eternal/496139
  Found 162 characters
=== Fetching supporter data from GameWith ===
  Fetching: https://gamewith.jp/ggene-eternal/494683
  Fetching: https://gamewith.jp/ggene-eternal/494689
  Found 64 supporters

Total normalized lookup entries: 845
  DL: サイコ・ガンダムMk-Ⅲ -> gw-unit-262.png
  DL: G-3ガンダム -> gw-unit-247.png
  DL: ザクⅢ改 -> gw-unit-260.png
  DL: ヒルドルブ(支援) -> gw-unit-38.png
  DL: 赤いガンダム【強敵襲来】 -> gw-unit-31.png
  DL: オーヴェロン(アーマー形態)【強敵襲来】 -> gw-unit-294.png
  DL: サイコロガンダム【強敵襲来】 -> gw-unit-295.png
  DL: デスティニーインパルス【強敵襲来】 -> gw-unit-316.png
  DL: フルアーマー百式改【強敵襲来】 -> gw-unit-315.png
  DL: 武者頑駄無【強敵襲来】 -> gw-chara-259.png
  DL: コマンドガンダム【強敵襲来】 -> gw-chara-260.png
  DL: タイタニア【強敵襲来】 -> gw-unit-335.png
  DL: バイアラン・カスタム2号機【強敵襲来】 -> gw-unit-349.png
  DL: ガンダム・端白星【強敵襲来】 -> gw-unit-391.png
  DL: ザクウォーリア(ライブ仕様)【強敵襲来】 -> gw-unit-434.png
  DL: GファルコンGX【強敵襲来】 -> gw-unit-460.png
  DL: Gサイフォス【強敵襲来】 -> gw-unit-479.png
  DL: 百式(支援) -> gw-unit-253.png
  DL: Gセルフ -> gw-unit-84.png
  DL: ガンダムMk-Ⅲ -> gw-unit-55.png
  DL: アナベル・ガトー(攻撃) -> gw-chara-282.png
  DL: シン・アスカ(攻撃) -> gw-chara-305.png
  DL: 三日月・オーガス(攻撃) -> gw-chara-283.png
  DL: バナージ・リンクス(支援) -> gw-chara-272.png
  DL: ドズル・ザビ -> gw-chara-27.png
  DL: デメジエール・ソンネン -> gw-chara-30.png
  DL: アイナ・サハリン -> gw-chara-361.png
  DL: バーナード・ワイズマン -> gw-chara-302.png
  DL: ニムバス・シュターゼン -> gw-chara-292.png
  DL: アマテ・ユズリハ(マチュ) -> gw-chara-25.png
  DL: シイコ・スガイ -> gw-chara-220.png
  DL: ニャアン -> gw-chara-224.png
  DL: シャリア・ブル(GQ)(0079) -> gw-chara-242.png
  DL: レズン・シュナイダー -> gw-chara-245.png
  DL: アンジェロ・ザウパー -> gw-chara-275.png
  DL: エメラルダ・ズービン -> gw-chara-360.png
  DL: ケネス・スレッグ -> gw-chara-349.png
  DL: デフ・スタリオン -> gw-chara-36.png
  DL: サイ・サイシー -> gw-chara-278.png
  DL: ヒイロ・ユイ -> gw-chara-294.png
  DL: ソリス・アルモニア -> gw-chara-240.png
  DL: ロアビィ・ロイ -> gw-chara-340.png
  DL: エニル・エル -> gw-chara-38.png
  DL: ポゥ・エイジ -> gw-chara-39.png
  DL: イザーク・ジュール -> gw-chara-310.png
  DL: エドワード・ハレルソン -> gw-chara-40.png
  DL: ロンド・ギナ・サハク -> gw-chara-19.png
  DL: カナード・パルス -> gw-chara-347.png
  DL: シャル・アクスティカ -> gw-chara-42.png
  DL: アリーサ・ガンヘイル -> gw-chara-354.png
  DL: アミダ・アルカ -> gw-chara-45.png
  DL: ザディエル・ザルムフォート -> gw-chara-268.png
  DL: ウィスタリオ・アファム【強敵襲来】 -> gw-chara-288.png
  DL: イレイ・ハル -> gw-chara-47.png
  DL: ジョニー・ライデン -> gw-chara-28.png
  DL: ジャン・リュック・デュバル -> gw-chara-29.png
  DL: モニク・キャディラック -> gw-chara-334.png
  DL: ヘンリー・ブーン -> gw-chara-32.png
  DL: シュウジ・イトウ【強敵襲来】 -> gw-chara-26.png
  DL: エグザベ・オリベ -> gw-chara-241.png
  DL: クワトロ・バジーナ -> gw-chara-298.png
  DL: エルピー・プル -> gw-chara-263.png
  DL: アルゴ・ガルスキー -> gw-chara-280.png
  DL: カトル・ラバーバ・ウィナー -> gw-chara-237.png
  DL: ウィッツ・スー -> gw-chara-339.png
  DL: カガリ・ユラ・アスハ -> gw-chara-17.png
  DL: 叢雲劾 -> gw-chara-20.png
  DL: プレア・レヴェリー -> gw-chara-346.png
  DL: ルナマリア・ホーク -> gw-chara-246.png
  DL: ミーア・キャンベル【強敵襲来】 -> gw-chara-306.png
  DL: グラーベ・ヴィオレント -> gw-chara-41.png
  DL: エイミー・ジンバリスト -> gw-chara-44.png
  DL: イオク・クジャン -> gw-chara-286.png
  DL: デイラ・ナディラ -> gw-chara-269.png
  DL: グエル・ジェターク -> gw-chara-309.png
  DL: ノヤマ・リナ -> gw-chara-48.png
  DL: ゼロ・ムラサメ -> gw-chara-227.png
  DL: シン・マツナガ -> gw-chara-34.png
  DL: ヘルベルト・フォン・カスペン -> gw-chara-336.png
  DL: クリスチーナ・マッケンジー -> gw-chara-303.png
  DL: ドゥー・ムラサメ -> gw-chara-236.png
  DL: ケリィ・レズナー -> gw-chara-235.png
  DL: ラカン・ダカラン -> gw-chara-33.png
  DL: レッド・ウェイライン -> gw-chara-35.png
  DL: ダグザ・マックール -> gw-chara-276.png
  DL: ギギ・アンダルシア -> gw-chara-348.png
  DL: ジュリア・スガ -> gw-chara-357.png
  DL: チボデー・クロケット -> gw-chara-277.png
  DL: ジョルジュ・ド・サンド -> gw-chara-279.png
  DL: オデル・バーネット -> gw-chara-37.png
  DL: ランスロー・ダーウェル -> gw-chara-341.png
  DL: レイ・ザ・バレル -> gw-chara-247.png
  DL: ビサイド・ペイン -> gw-chara-43.png
  DL: ユリン・ルシェル -> gw-chara-353.png
  DL: カルタ・イシュー -> gw-chara-46.png
  DL: ジュリエッタ・ジュリス -> gw-chara-285.png
  DL: サンポ・ハクリ -> gw-chara-271.png
  DL: ノレア・デュノク -> gw-chara-308.png
  DL: キラ・ヤマト(攻撃) -> gw-chara-15.png
  DL: アンドリュー・バルトフェルド -> gw-chara-312.png
  DL: ディアッカ・エルスマン -> gw-chara-311.png
  DL: ブライト・ノア＆ホワイトベース -> gw-sup-1.png
  DL: クローディア・ペール＆ビーハイヴ -> gw-sup-43.png
  DL: ヘンケン・ベッケナー＆ラーディッシュ -> gw-sup-4.png
  DL: グレミー・トト＆サンドラ -> gw-sup-48.png
  DL: リリーナ・ドーリアン＆ピースミリオン -> gw-sup-7.png
  DL: ジャミル・ニート＆フリーデンⅡ -> gw-sup-65.png
  DL: マリュー・ラミアス＆アークエンジェル -> gw-sup-9.png
  DL: スメラギ・李・ノリエガ＆プトレマイオス -> gw-sup-11.png
  DL: オルガ・イツカ＆イサリビ -> gw-sup-13.png
  DL: アトラ・ミクスタ＆ホタルビ -> gw-sup-56.png
  DL: ミオリネ・レンブラン＆学園艦 -> gw-sup-15.png
  DL: 風花・アジャー＆ローラシア級 -> gw-sup-66.png
  DL: キョウジ・カッシュ＆デビルガンダム第2形態 -> gw-sup-44.png
  DL: ムルタ・アズラエル＆ドミニオン -> gw-sup-61.png
  DL: ファ・ユイリィ＆アーガマ -> gw-sup-3.png
  DL: フラウ・ボゥ＆ホワイトベース -> gw-sup-2.png
  DL: ビーチャ・オーレグ＆ネェル・アーガマ -> gw-sup-5.png
  DL: レイン・ミカムラ＆ブッド・キャリアー -> gw-sup-6.png
  DL: マリナ・イスマイール＆プトレマイオス2 -> gw-sup-12.png
  DL: ルクレツィア・ノイン＆スーパーソニックトランスポーター -> gw-sup-39.png
  DL: ラスタル・エリオン＆スキップジャック級戦艦 -> gw-sup-64.png
  DL: ベルトーチカ・イルマ＆アウドムラ -> gw-sup-34.png
  DL: アンドリュー・バルトフェルド＆エターナル -> gw-sup-10.png
  DL: エイパー・シナプス＆アルビオン -> gw-sup-35.png
  DL: ララァ・スン＆ザンジバル -> gw-sup-51.png
  DL: 騎士アムロ＆天馬ホワイトベース -> gw-sup-46.png
  DL: シーマ・ガラハウ＆リリー・マルレーン -> gw-sup-55.png
  DL: ミネバ・ラオ・ザビ＆ガランシェール -> gw-sup-57.png
  DL: ギギ・アンダルシア＆ハウンゼン356便 -> gw-sup-59.png
  DL: グルーデック・エイノア＆ディーヴァ -> gw-sup-68.png
  DL: エレドア・マシス＆ホバートラック -> gw-sup-70.png
  DL: ラクス・クライン＆エターナル -> gw-sup-28.png
  DL: タリア・グラディス＆ミネルバ -> gw-sup-63.png
  DL: ブライト・ノア＆ラー・カイラム -> gw-sup-40.png
  DL: オットー・ミタス＆ネェル・アーガマ(ロンドベル隊仕様) -> gw-sup-53.png
  DL: ドレン＆ムサイ -> gw-sup-16.png
  DL: ベン・ウッダー＆スードリ -> gw-sup-18.png
  DL: ゴットン・ゴー＆エンドラ -> gw-sup-19.png
  DL: エマリー・オンス＆ラビアンローズ -> gw-sup-49.png
  DL: チェーン・アギ＆ラー・カイラム -> gw-sup-42.png
  DL: スベロア・ジンネマン＆ガランシェール -> gw-sup-45.png
  DL: ヒル・ドーソン＆レウルーラ(袖付き) -> gw-sup-54.png
  DL: ナスターシャ・ザビコフ＆ゴルビーⅡ -> gw-sup-20.png
  DL: レディ・アン＆宇宙要塞バルジ -> gw-sup-21.png
  DL: サラ・タイレル＆フリーデン -> gw-sup-22.png
  DL: ナタル・バジルール＆ドミニオン -> gw-sup-24.png
  DL: キャプテンGG＆リ・ホーム -> gw-sup-29.png
  DL: プロフェッサー＆リ・ホーム -> gw-sup-67.png
  DL: メイリン・ホーク＆ミネルバ -> gw-sup-41.png
  DL: カティ・マネキン＆ヴァージニア -> gw-sup-25.png
  DL: デシル・ガレット＆ファ・ボーゼ -> gw-sup-69.png
  DL: 名瀬・タービン＆ハンマーヘッド -> gw-sup-26.png
  DL: リアリナ・モルガトン＆ビスコー級クルーザー -> gw-sup-52.png
  DL: ケナンジ・アベリー＆ユリシーズ -> gw-sup-27.png
  DL: キシリア・ザビ＆グワジン -> gw-sup-17.png
  DL: フレドリック・アデス＆ヴェサリウス -> gw-sup-23.png
  DL: ハヤト・コバヤシ＆アウドムラ -> gw-sup-50.png
  DL: ドクターJ＆ピースミリオン -> gw-sup-38.png
  DL: フレイ・アルスター＆アークエンジェル -> gw-sup-62.png
  DL: ギレン・ザビ＆ア・バオア・クー -> gw-sup-36.png
  DL: モーリン・キタムラ＆ミデア -> gw-sup-58.png
  DL: 機動戦士ガンダム 閃光のハサウェイ キルケーの魔女 -> gw-sup-60.png

==================================================
Already had image: 392
Matched: 198
Downloaded: 198
Failed downloads: 0
Unmatched: 271

Unmatched (271):
  アイン・ダルトン
  アウル・ニーダ
  アカハナ
  アサギ・コードウェル
  アジー・グルミン
  アストン
  アスラン・ザラ(DESTINY)
  アゼリア・ツィー
  アポリー・ベイ
  アムロ・レイ(1st)
  アムロ・レイ(1st)
  アムロ・レイ(Z)
  アラン・ローランド
  アリー・アル・サーシェス
  アルファ・A・ベイト
  アレクサンドロ・ヘンメ
  アレックス・ディノ
  アレハンドロ・コーナー
  アレルヤ・ハプティズム
  アレンビー・ビアズリー
  アンディ・ストロース
  アンドリュー・バルトフェルド(DESTINY)
  イザーク・ジュール(DESTINY)
  イライジャ・キール
  イリア・パゾム
  イリーシャ・プラノ
  イワン・イワノフ
  イワーク・ブライア
  イーノ・アッバーブ
  ウルフ・エニアクル
  ウルフ・エニアクル(アセム編)
  ウルベ・イシカワ
  エイブラム・M・ラムザット
  エターナ・フレイル
  エックスケー
  エナオ・ジャズ
  エマ・シーン
  エラン・ケレス
  エラン・ケレス(強化人士5号)
  エリス・クロード
  エルフリーデ・シュルツ
  エルンスト・イェーガー
  エルヴィン・キャディラック
  エル・ビアンノ
  オブライト・ローレイン
  オルガ・サブナック
  オルコット
  オルテガ
  オルテガ(GQ)
  オルバ・フロスト
  カイ・シデン
  カチュア・リィス
  カツ・コバヤシ
  カリウス
  カリス・ノーティラス
  カレン・ジョシュワ
  ガイア
  ガイア(GQ)
  ガウマン・ノビル
  ガエル・チャン
  ガブリエル・ラミレス・ガルシア
  ガルマ・ザビ
  ガンダムAGE-1 ソ―ディア
  ガンダムTR-1［ヘイズル・ラー］
  キシリア・ザビ(GQ)(0085)＆チベ(パープルウィドウ)
  キャラ・スーン
  キラル・メキレル
  キラ・ヤマト(DESTINY)
  キラ・ヤマト(DESTINY)
  ギニアス・サハリン
  ギャプランTR-5［フライルー］1号機
  ギャン改
  ギュネイ・ガス
  ギュネイ・ガス
  ギルボア・サント
  ギーラ・ゾイ
  クェス・パラヤ
  クダル・カデル
  クランク・ゼント
  クレア・ヒースロー
  クロト・ブエル
  クー・シー＆キャリー・ベース
  グラハム・エーカー
  グレミー・トト
  ケイ・ニムロッド
  ケナンジ・アベリー
  ケナンジ・アベリー
  ケーラ・スゥ
  ゲーツ・キャパ(GQ)
  ゴート・ローガン
  サウス・バニング
  サダニ・アルマーズ
  サビーナ・ファルディン
  サマナ・フュリス
  サラ・ザビアロフ
  サンドバル・ロイター
  ザクⅡ(シン・マツナガ専用)
  ザザ・フォッシル
  シェルド・フォーリー
  シス・ミットヴィル
  シホ・ハーネンフース
  シャア・アズナブル(GQ)
  シャディク・ゼネリ
  シャニ・アンドラス
  シャポー・チェレンシィ
  シュバルツ・ブルーダー
  シーマ・ガラハウ
  ジェリド・メサ
  ジェントル・チャップマン
  ジェントル・チャップマン
  ジジル・ジジン
  ジャミル・ニート
  ジャンマルコ・サレルノ
  ジュウゾー・オハラ
  ジュナス・リアム
  ジュリ・ウー・ニェン
  スティング・オークレー
  ステラ・ルーシェ
  ストライクルージュ(I.W.S.P.)
  スレッガー・ロウ
  セイラ・マス
  セルゲイ・スミルノフ
  ゼクス・マーキス
  ゼノン・ティーゲル＆キャリー・ベース2
  ゼハート・ガレット
  ソフィ・プロネ
  ソフィ・プロネ
  ソーマ・ピーリス
  タカキ・ウノ
  ダズ・ローデン
  ダリル・マッギネス
  ダンケル・クーパー
  ダンテ・モグロ
  チェーン・アギ
  チャック・キース
  チャップ・アデル
  チャド・チャダーン
  チュアチュリー・パンランチ
  ティエリア・アーデ
  ティファ・アディール＆フリーデン
  テリー・サンダースJr.
  ディアッカ・エルスマン(DESTINY)
  デシル・ガレット
  デシル・ガレット(支援)
  デニム
  デネボラ・シャヒム
  デュオ・マックスウェル
  デルマ
  トレーズ・クシュリナーダ
  トロワ・バートン
  トール・ケーニヒ
  ドン・ボヤージ
  ドール・フロスト
  ナイジェル・ギャレット
  ナナオ・ナロリナ
  ニキ・テイラー
  ニコル・アマルフィ
  ネオ・ロアノーク
  ネオ・ロアノーク(オーブ所属)
  ネリィ・オルソン
  ネーナ・トリニティ
  ノルバ・シノ
  ノーム・バシリコック
  ハイネ・ヴェステンフルス
  ハッシュ・ミディ
  ハマーン・カーン(Z)
  ハマーン・カーン(ZZ)
  ハヤト・コバヤシ
  ハレルヤ・ハプティズム
  ハーディ・シュタイナー
  バルサム・アーレンド
  パトリック・コーラサワー
  パーラ・シス
  ヒデト・ワシヤ
  ヒルダ・ハーケン
  ビスケット・グリフォン
  ビリー・ブレイズ
  ビーチャ・オーレグ
  ファ・ユイリィ
  フィリップ・ヒューズ
  フェデリコ・ツァリアーノ
  フェルシー・ロロ
  フェンサー・メイン
  フォウ・ムラサメ
  フローレンス・キリシマ
  ブラッド
  ブランド・フリーズ
  ブラン・ブルターク
  プルツー
  ヘルベルト・フォン・ラインハルト
  ベギルペンデ(ドミニコス隊仕様)
  ベルナルド・モンシア
  ボカタ
  ボルク・クライ
  マウアー・ファラオ
  マクギリス・ファリド
  マシュマー・セロ
  マックス・ハートウェイ
  マッシュ
  マユラ・ラバッツ
  マリオン・ウェルチ
  マリーダ・クルス
  マリーン
  マ・クベ
  マーズ・シメオン
  ミケロ・チャリオット
  ミケロ・チャリオット
  ミゲル・アイマン
  ミハイル・コースト
  ミハエル・トリニティ
  ミリアルド・ピースクラフト
  ムウ・ラ・フラガ
  ムウ・ラ・フラガ
  メイア・シヴァ
  メイジー・メイ
  メデル・ザント
  モンターク
  モンド・アガケ
  モーガン・シュバリエ
  ヤザン・ゲーブル(Z)
  ヤザン・ゲーブル(ZZ)
  ユハナ・ハクリ
  ユージン・セブンスターク
  ヨハン・トリニティ
  ヨンム・カークス
  ライド・マッス
  ラウダ・ニール
  ラクト・エルファメル
  ラシード・クラマ
  ラッセ・アイオン
  ラナロウ・シェイド
  ラフタ・フランクランド
  ラムサス・ハサ
  ララァ・スン
  ランバ・ラル
  ラ・ミラ・ルナ
  ラーガン・ドレイス
  リュウ・ホセイ
  リーアム・ガーフィールド
  ルクレツィア・ノイン
  ルーナ・マナ＆キャリー・ベース
  ルー・ルカ
  レイチェル・ランサム＆キャリー・ベース2
  レイモンド・ケイン
  レイン・ミカムラ
  レコア・ロンド
  レッセル・ミズカ
  レネ・コスタ
  レリーレ・アルナイル
  ロザミア・バダム
  ロザーリオ・レオーネ
  ロックオン・ストラトス
  ロニ・ガーベイ
  ロベルト
  ワッツ・ステップニー
  ヴィダール
  ヴェルナー・ホルバイン
  僧侶ガンタンク
  張 五飛
  戦士ガンキャノン
  戦士ザク
  戦士ドム
  昭弘・アルトランド
  石動・カミーチェ
  蘊・奥
  騎士ギャン
  騎士グフ
  騎士ゲルググ
  騎士サザビー
  騎士サザビー
  騎士セイラ＆天馬ホワイトベース

Saved units.json
