/Users/RH/Library/Python/3.9/lib/python/site-packages/urllib3/__init__.py:35: NotOpenSSLWarning: urllib3 v2 only supports OpenSSL 1.1.1+, currently the 'ssl' module is compiled with 'LibreSSL 2.8.3'. See: https://github.com/urllib3/urllib3/issues/3020
  warnings.warn(
[INFO] Loaded 585 image mappings from /Users/RH/Documents/5.File/5.Dev/GGeneDB/public/units.json

============================================================
PHASE 1: Scraping Units
============================================================
[INFO] Fetching unit list: https://wikiwiki.jp/gget/%E3%83%A6%E3%83%8B%E3%83%83%E3%83%88%E3%83%AA%E3%82%B9%E3%83%88
[INFO] Found 324 unit links
  [1/324] ガンダムEz8(EX) (UR)
  [2/324] ストライカー・カスタム(EX) (UR)
  [3/324] サザビー(EX) (UR)
  [4/324] ユニコーンガンダム(デストロイモード)(EX) (UR)
  [5/324] クロスボーン・ガンダムX1改(EX) (UR)
  [6/324] ガンダムエクシア(EX) (UR)
  [7/324] ル・シーニュ(EX) (UR)
  [8/324] νガンダム(EX) (UR)
  [9/324] フリーダムガンダム(EX) (UR)
  [10/324] ガンダム・エアリアル(EX) (UR)
  [11/324] フェニックスガンダム(能力解放)(EX) (UR)
  [12/324] ガンダム(EX) (UR)
  [13/324] ナラティブガンダムA装備(EX) (UR)
  [14/324] ガンダム・バルバトス(第6形態)(EX) (UR)
  [15/324] ストライクフリーダムガンダム(EX) (UR)
  [16/324] ジャスティスガンダム(EX) (UR)
  [17/324] Zガンダム(EX) (UR)
  [18/324] ジ・O(EX) (UR)
  [19/324] シャア専用ザクⅡ(THE ORIGIN版)(EX) (UR)
  [20/324] ガンダム試作2号機(EX) (UR)
    [SAVE] Progress saved (20 units)
  [21/324] ビルドストライクガンダム(フルパッケージ)(EX) (UR)
  [22/324] ガンダムデスサイズヘル(EW版)(EX) (UR)
  [23/324] Hi-νガンダム(EX) (UR)
  [24/324] フォースインパルスガンダム(EX) (UR)
  [25/324] サイコ・ザク(EX) (UR)
  [26/324] フルアーマー・ガンダム(サンダーボルト版)(EX) (UR)
  [27/324] マスターガンダム(EX) (UR)
  [28/324] バンシィ・ノルン(デストロイモード)(EX) (UR)
  [29/324] 劉備ユニコーンガンダム(EX) (UR)
  [30/324] モンスターブラックドラゴン(EX) (UR)
  [31/324] キュベレイ(ZZ版)(EX) (UR)
  [32/324] フルアーマーZZガンダム(EX) (UR)
  [33/324] ジオング(EX) (UR)
  [34/324] ガンダム・アスタロトリナシメント(EX) (UR)
  [35/324] ゴッドガンダム(EX) (UR)
  [36/324] ユニコーンガンダム(デストロイモード／覚醒)(EX) (UR)
  [37/324] ガンダムF91(EX) (UR)
  [38/324] ノイエ・ジール(EX) (UR)
  [39/324] ガンダム試作3号機(EX) (UR)
  [40/324] ガンダム・バルバトスルプスレクス(EX) (UR)
    [SAVE] Progress saved (40 units)
  [41/324] ガンダム・エアリアル改修型(EX) (UR)
  [42/324] ブルーディスティニー1号機(EX) (UR)
  [43/324] シナンジュ(EX) (UR)
  [44/324] Ξガンダム(EX) (UR)
  [45/324] ペーネロペー(EX) (UR)
  [46/324] プロヴィデンスガンダム(EX) (UR)
  [47/324] ケンプファー(EX) (UR)
  [48/324] ガンダム・キャリバーン(最終決戦時)(EX) (UR)
  [49/324] デスティニーガンダム(EX) (UR)
  [50/324] ビグ・ラング(EX) (UR)
  [51/324] ガンダム・キマリスヴィダール(EX) (UR)
  [52/324] ガンダムDX(EX) (UR)
  [53/324] ガンダムヴァサーゴチェストブレイク(EX) (UR)
  [54/324] ガンダムアストレイ レッドフレーム改(EX) (UR)
  [55/324] ガンダムアストレイ ゴールドフレーム天ミナ(EX) (UR)
  [56/324] ガンダムAGE-1 ノーマル(EX) (UR)
  [57/324] ガンダムAGE-2 ノーマル(EX) (UR)
  [58/324] キャスバル専用ガンダム【ULT】 ()
  [59/324] Zガンダム3号機P2型【ULT】 ()
  [60/324] サイコ・ガンダムMk-Ⅲ【ULT】 ()
    [SAVE] Progress saved (60 units)
  [61/324] ガンダムアクエリアス【ULT】 ()
  [62/324] スーパーハイペリオンガンダム【ULT】 ()
  [63/324] β・アジール【ULT】 ()
  [64/324] ウルベ用ガンダム【ULT】 ()
  [65/324] ガンダムデルタカイ【ULT】 ()
  [66/324] ガンダム・バルバトスルプスレクス【阿頼耶識リミッター解除／半壊】【ULT】 ()
  [67/324] ガンダムアストレイ ゴールドフレームアマテラス【ULT】 ()
  [68/324] ベギルペンデ(ドミニコス隊仕様)【ULT】 ()
  [69/324] ガンダムベルフェゴール【ULT】 ()
  [70/324] G-3ガンダム (SSR)
  [71/324] ビグ・ザム (SSR)
  [72/324] ジオング (SSR)
  [73/324] ギャン・エーオース (SSR)
  [74/324] 百式 (SSR)
  [75/324] Zガンダム (SSR)
  [76/324] キュベレイ (SSR)
  [77/324] サイコ・ガンダム (SSR)
  [78/324] ジ・O (SSR)
  [79/324] ジャスティスガンダム(ミーティア) (SSR)
  [80/324] パーフェクトストライクガンダム (SSR)
    [SAVE] Progress saved (80 units)
  [81/324] フリーダムガンダム(ミーティア) (SSR)
  [82/324] プロヴィデンスガンダム (SSR)
  [83/324] ガンダムエピオン (SSR)
  [84/324] アルトロンガンダム (SSR)
  [85/324] ガンダムデスサイズヘル (SSR)
  [86/324] ウイングガンダムゼロ (SSR)
  [87/324] トールギスⅡ (SSR)
  [88/324] フルアーマーZZガンダム (SSR)
  [89/324] ゲーマルク (SSR)
  [90/324] キュベレイ(ZZ版) (SSR)
  [91/324] クィン・マンサ (SSR)
  [92/324] ザクⅢ改 (SSR)
  [93/324] パトゥーリア (SSR)
  [94/324] ベルティゴ (SSR)
  [95/324] ガンダムXディバイダー (SSR)
  [96/324] ガンダム・エアリアル改修型 (SSR)
  [97/324] ガンダム・ルブリス・ソーン (SSR)
  [98/324] ガンダム・ルブリス・ウル (SSR)
  [99/324] ガンダム・バルバトス(第6形態) (SSR)
  [100/324] ガンダム・グシオンリベイク (SSR)
    [SAVE] Progress saved (100 units)
  [101/324] グレイズ・アイン (SSR)
  [102/324] マスターガンダム (SSR)
  [103/324] ガンダムシュピーゲル (SSR)
  [104/324] デビルガンダム(第1形態) (SSR)
  [105/324] アルヴァトーレ (SSR)
  [106/324] GNアーマー TYPE-D (SSR)
  [107/324] GNアーマー TYPE-E (SSR)
  [108/324] ドラグーンストライク (SSR)
  [109/324] ムラサメ 飛行能力試験型 (SSR)
  [110/324] レジェンドガンダム (SSR)
  [111/324] デストロイガンダム (SSR)
  [112/324] デスティニーガンダム (SSR)
  [113/324] νガンダム (SSR)
  [114/324] ナイチンゲール (SSR)
  [115/324] サザビー (SSR)
  [116/324] Hi-νガンダム (SSR)
  [117/324] α・アジール (SSR)
  [118/324] デビルガンダム(最終形態) (SSR)
  [119/324] グランドマスターガンダム (SSR)
  [120/324] ゴッドガンダム (SSR)
    [SAVE] Progress saved (120 units)
  [121/324] バンシィ(デストロイモード) (SSR)
  [122/324] シャンブロ (SSR)
  [123/324] シナンジュ (SSR)
  [124/324] ネオ・ジオング (SSR)
  [125/324] バンシィ・ノルン(デストロイモード) (SSR)
  [126/324] クシャトリヤ・リペアード (SSR)
  [127/324] ユニコーンガンダム(デストロイモード) (SSR)
  [128/324] フルアーマー・ユニコーンガンダム(デストロイモード) (SSR)
  [129/324] ガンダム・フラウロス(流星号) (SSR)
  [130/324] ガンダム・バルバトスルプス (SSR)
  [131/324] ガンダム・バルバトスルプスレクス (SSR)
  [132/324] ハシュマル (SSR)
  [133/324] ガンダム・バエル (SSR)
  [134/324] ガンダム・グシオンリベイクフルシティ (SSR)
  [135/324] ガンダム・キマリスヴィダール (SSR)
  [136/324] レギンレイズ・ジュリア(地上戦仕様) (SSR)
  [137/324] Ξガンダム (SSR)
  [138/324] ペーネロペー (SSR)
  [139/324] ストライクフリーダムガンダム (SSR)
  [140/324] ストライクフリーダムガンダム(ミーティア) (SSR)
    [SAVE] Progress saved (140 units)
  [141/324] インフィニットジャスティスガンダム (SSR)
  [142/324] インフィニットジャスティスガンダム(ミーティア) (SSR)
  [143/324] アカツキ(シラヌイ) (SSR)
  [144/324] ガンダム・シュバルゼッテ (SSR)
  [145/324] ガンダム・キャリバーン (SSR)
  [146/324] ガンダム・ファラクト(Season2仕様) (SSR)
  [147/324] ミカエリス(Season2仕様) (SSR)
  [148/324] ダリルバルデ(Season2仕様) (SSR)
  [149/324] ガンダムDX (SSR)
  [150/324] GファルコンDX (SSR)
  [151/324] ガンダムエアマスターバースト (SSR)
  [152/324] ガンダムレオパルドデストロイ (SSR)
  [153/324] ガンダムヴァサーゴチェストブレイク (SSR)
  [154/324] ガンダムアシュタロンハーミットクラブ (SSR)
  [155/324] ガンダムAGE-1 タイタス (SSR)
  [156/324] ガンダムAGE-1 スパロー (SSR)
  [157/324] ガンダムAGE-1 2号機 アサルトジャケット (SSR)
  [158/324] ガンダムAGE-2 ノーマル (SSR)
  [159/324] ガンダムAGE-2 ダブルバレット (SSR)
  [160/324] ガンダムAGE-2 アルティメス (SSR)
    [SAVE] Progress saved (160 units)
  [161/324] デファース (SSR)
  [162/324] クロノス (SSR)
  [163/324] ゼイドラ (SSR)
  [164/324] ガンダムアストレイ ゴールドフレーム天 (SSR)
  [165/324] ガンダムアストレイ ブルーフレーム セカンドL (SSR)
  [166/324] ガンダム試作1号機フルバーニアン (SSR)
  [167/324] ヴァル・ヴァロ (SSR)
  [168/324] フルアーマー・ガンダム(サンダーボルト版) (SSR)
  [169/324] サイコ・ザク (SSR)
  [170/324] 騎士ガンダム (SSR)
  [171/324] 魔王サタンガンダム (SSR)
  [172/324] 騎士ジオング (SSR)
  [173/324] ガンダム・アスタロトリナシメント (SSR)
  [174/324] ガンダム・ウヴァルユハナ (SSR)
  [175/324] ガンダム・ダンタリオン(Tブースター装備) (SSR)
  [176/324] ガンダム試作3号機 (SSR)
  [177/324] ガンダム試作4号機 (SSR)
  [178/324] ノイエ・ジール (SSR)
  [179/324] ブルーディスティニー2号機【EXAM】 (SSR)
  [180/324] ブルーディスティニー3号機【EXAM】 (SSR)
    [SAVE] Progress saved (180 units)
  [181/324] ガンダムNT-1(チョバム・アーマー装備型) (SSR)
  [182/324] ケンプファー (SSR)
  [183/324] ビグ・ラング(攻撃) (SSR)
  [184/324] ヒルドルブ(支援) (SSR)
  [185/324] ゲルググ(ヘルベルト・フォン・カスペン機) (SSR)
  [186/324] ハイペリオンガンダム (SSR)
  [187/324] Xアストレイ (SSR)
  [188/324] 赤いガンダム【強敵襲来】 (SSR)
  [189/324] オーヴェロン(アーマー形態)【強敵襲来】 (SSR)
  [190/324] サイコロガンダム【強敵襲来】 (SSR)
  [191/324] デスティニーインパルス【強敵襲来】 (SSR)
  [192/324] フルアーマー百式改【強敵襲来】 (SSR)
  [193/324] 武者頑駄無【強敵襲来】 (SSR)
  [194/324] コマンドガンダム【強敵襲来】 (SSR)
  [195/324] タイタニア【強敵襲来】 (SSR)
  [196/324] シャイニングガンダム(スーパーモード)【強敵襲来】 (SSR)
  [197/324] バイアラン・カスタム2号機【強敵襲来】 (SSR)
  [198/324] ガンダム・端白星【強敵襲来】 (SSR)
  [199/324] フルアーマーガンダムMk-Ⅲ【強敵襲来】 (SSR)
  [200/324] ザクウォーリア(ライブ仕様)【強敵襲来】 (SSR)
    [SAVE] Progress saved (200 units)
  [201/324] GファルコンGX【強敵襲来】 (SSR)
  [202/324] Gサイフォス【強敵襲来】 (SSR)
  [203/324] GQuuuuuuX(オメガ・サイコミュ起動時) (SSR)
  [204/324] フェニックスガンダム(能力解放) (SSR)
  [205/324] GQuuuuuuX (SSR)
  [206/324] キュベレイMk-II(エルピー・プル専用機) (SSR)
  [207/324] ギャン改 (SSR)
  [208/324] ウイングガンダム(EW版) (SSR)
  [209/324] エックスケー (SSR)
  [210/324] ガンダム・バルバトスアダプト (SSR)
  [211/324] 百式(支援) (SSR)
  [212/324] デュエルガンダム アサルトシュラウド (SSR)
  [213/324] ガンダム・エアリアル (SSR)
  [214/324] アリュゼウス (SSR)
  [215/324] ザ・ガンダム (SSR)
  [216/324] シャア専用ゲルググ (SSR)
  [217/324] ザクⅡ(ドズル・ザビ専用機) (SSR)
  [218/324] ヒルドルブ (SSR)
  [219/324] ガンダムNT-1 (SSR)
  [220/324] プロトタイプケンプファー (SSR)
    [SAVE] Progress saved (220 units)
  [221/324] ガンダム・ピクシー (SSR)
  [222/324] ブルーディスティニー1号機【EXAM】 (SSR)
  [223/324] イフリート・ナハト (SSR)
  [224/324] ゲルググM(指揮官機) (SSR)
  [225/324] ゲルググ(アナベル・ガトー専用機) (SSR)
  [226/324] ガンダムTR-1［ヘイズル・ラー］ (SSR)
  [227/324] ギャプランTR-5［フライルー］1号機 (SSR)
  [228/324] Sガンダム (SSR)
  [229/324] グフ・ヴィジャンタ (SSR)
  [230/324] ガンダムF90 (SSR)
  [231/324] ヴィクトリーガンダム (SSR)
  [232/324] ガンダムジェミナス01 (SSR)
  [233/324] ジェニス改(エニルカスタム) (SSR)
  [234/324] ウォドム (SSR)
  [235/324] ゲイツ(指揮官用) (SSR)
  [236/324] ソードカラミティガンダム (SSR)
  [237/324] ガンダムプルトーネ (SSR)
  [238/324] ガンダムAGE-1 レイザー (SSR)
  [239/324] Gセルフ (SSR)
  [240/324] 百錬(アミダ機) (SSR)
    [SAVE] Progress saved (240 units)
  [241/324] ガンダム・アスタロト (SSR)
  [242/324] ビギニングガンダム (SSR)
  [243/324] レッドウォーリア (SSR)
  [244/324] ギャンK (SSR)
  [245/324] ハルファスガンダム (SSR)
  [246/324] 高機動型ゲルググ(ジョニー・ライデン専用機) (SSR)
  [247/324] ヅダ(1番機) (SSR)
  [248/324] ジム・スナイパーⅡ (SSR)
  [249/324] イフリート (SSR)
  [250/324] ペイルライダー(陸戦重装仕様) (SSR)
  [251/324] 零式 (SSR)
  [252/324] Zガンダム3号機 (SSR)
  [253/324] ゼク・アイン (SSR)
  [254/324] ギャプラン(イングリッド0機) (SSR)
  [255/324] ∀ガンダム (SSR)
  [256/324] ライジングフリーダムガンダム (SSR)
  [257/324] ガンダムラジエル (SSR)
  [258/324] アドヴァンスドジンクス (SSR)
  [259/324] ガンダムAGE-1 ノーマル (SSR)
  [260/324] マックナイフ(バララ機) (SSR)
    [SAVE] Progress saved (260 units)
  [261/324] ベアッガイ (SSR)
  [262/324] ガンダムEz8 ハイモビリティカスタム (SSR)
  [263/324] ガンダム2号機前期型 (SSR)
  [264/324] ビグ・ラング (SSR)
  [265/324] ザクⅡ改 (SSR)
  [266/324] 白いガンダム (SSR)
  [267/324] ガンダム試作0号機 (SSR)
  [268/324] ガンダムMk-Ⅲ (SSR)
  [269/324] ドーベン・ウルフ(指揮官機) (SSR)
  [270/324] ザクⅡ(シン・マツナガ専用) (SSR)
  [271/324] 高機動型ゲルググ改(ジョニー・ライデン機) (SSR)
  [272/324] Dガンダムファースト (SSR)
  [273/324] デビルガンダム(アルティメットガンダム) (SSR)
  [274/324] ガンダムジェミナス02 (SSR)
  [275/324] 1.5ガンダム (SSR)
  [276/324] スペルビアジンクス (SSR)
  [277/324] ガンダムAGE-1 ソ―ディア (SSR)
  [278/324] グレイズリッター(指揮官機/決闘仕様) (SSR)
  [279/324] Zガンダム3号機B型 (SSR)
  [280/324] ハロ (SSR)
    [SAVE] Progress saved (280 units)
  [281/324] ガンダムEz8 ヘビーアームドカスタム (SSR)
  [282/324] リジェネレイトガンダム (SSR)
  [283/324] ストライクルージュ(I.W.S.P.) (SSR)
  [284/324] ガンダムアストレイ レッドフレームフライトユニット (SSR)
  [285/324] ガンダムMk-Ⅱ試作0号機 (SSR)
  [286/324] ガンダム試作1号機(チョバム・アーマー装備) (SSR)
  [287/324] ヴァイエイト・シュイヴァン (SSR)
  [288/324] ギラ・ドーガ(レズン・シュナイダー専用機) (SSR)
  [289/324] スラッシュザクファントム(イザーク・ジュール専用機) (SSR)
  [290/324] ガナーザクウォーリア(ルナマリア・ホーク専用機) (SSR)
  [291/324] ガナーザクウォーリア(ディアッカ・エルスマン専用機) (SSR)
  [292/324] ブレイズザクファントム(レイ・ザ・バレル専用機) (SSR)
  [293/324] ウィンダム(ネオ・ロアノーク専用機) (SSR)
  [294/324] ヘビーガンダム (SSR)
  [295/324] 騎士サザビー (SSR)
  [296/324] ガンダム・ダンタリオン(ハーフカウルT) (SSR)
  [297/324] ガンダム・グレモリー (SSR)
  [298/324] ガンダム・アスタロトオリジン (SSR)
  [299/324] ギラ・ズール(アンジェロ・ザウパー専用機) (SSR)
  [300/324] ドラゴンガンダム(スーパーモード) (SSR)
    [SAVE] Progress saved (300 units)
  [301/324] リゼル(隊長機) (SSR)
  [302/324] ボルトガンダム(スーパーモード) (SSR)
  [303/324] ジェガン(エコーズ仕様) (SSR)
  [304/324] ガンダムマックスター(スーパーモード) (SSR)
  [305/324] ガンダムローズ(スーパーモード) (SSR)
  [306/324] ノイエ・ジールⅡ (SSR)
  [307/324] 獅電(オルガ機) (SSR)
  [308/324] レギンレイズ(イオク機) (SSR)
  [309/324] レギンレイズ(ジュリエッタ機) (SSR)
  [310/324] メッサーF型ネイキッド(指揮官機) (SSR)
  [311/324] グフイグナイテッド(イザーク・ジュール専用機) (SSR)
  [312/324] ブレイズザクファントム(ディアッカ・エルスマン専用機) (SSR)
  [313/324] ガイアガンダム(アンドリュー・バルトフェルド専用機) (SSR)
  [314/324] グフイグナイテッド(ハイネ・ヴェステンフルス専用機) (SSR)
  [315/324] ガンダム・ルブリス・ウル(ガンヴォルヴァ使用時) (SSR)
  [316/324] ガンダム・ルブリス・ソーン(ガンヴォルヴァ使用時) (SSR)
  [317/324] ディランザ グエル専用機(最終決戦時) (SSR)
  [318/324] Gファルコンエアマスター (SSR)
  [319/324] Gファルコンレオパルド (SSR)
  [320/324] クラウダ(ランスロー・ダーウェル専用機) (SSR)
    [SAVE] Progress saved (320 units)
  [321/324] ガンダムアストレイ ブルーフレームセカンドGスナイパーパック (SSR)
  [322/324] ファルシア (SSR)
  [323/324] ガンダムAGE-1 フラット (SSR)
  [324/324] アデル スタークス (SSR)

============================================================
PHASE 2: Scraping Pilots/Characters
============================================================
[INFO] Fetching pilot list: https://wikiwiki.jp/gget/%E3%83%91%E3%82%A4%E3%83%AD%E3%83%83%E3%83%88%E3%83%AA%E3%82%B9%E3%83%88
[INFO] Found 467 pilot links
  [1/467] シャア・アズナブル (UR)
  [2/467] シャア・アズナブル(THE ORIGIN版) (UR)
  [3/467] シロー・アマダ (UR)
  [4/467] ミハイル・カミンスキー (UR)
  [5/467] ユウ・カジマ (UR)
  [6/467] アナベル・ガトー(攻撃) (UR)
  [7/467] イットウ・ツルギ (UR)
  [8/467] カミーユ・ビダン (UR)
  [9/467] ハマーン・カーン (UR)
  [10/467] アムロ・レイ(CCA)(攻撃) (UR)
  [11/467] シャア・アズナブル(CCA) (UR)
  [12/467] バナージ・リンクス(攻撃) (UR)
  [13/467] ハサウェイ・ノア (UR)
  [14/467] キンケドゥ・ナウ (UR)
  [15/467] ドモン・カッシュ (UR)
  [16/467] 東方不敗マスター・アジア (UR)
  [17/467] ガロード・ラン (UR)
  [18/467] キラ・ヤマト(DESTINY) (UR)
  [19/467] シン・アスカ(攻撃) (UR)
  [20/467] ロウ・ギュール (UR)
  [21/467] 刹那・F・セイエイ (UR)
  [22/467] フリット・アスノ (UR)
  [23/467] 三日月・オーガス(攻撃) (UR)
  [24/467] スレッタ・マーキュリー(攻撃) (UR)
  [25/467] ミオリネ・レンブラン (UR)
  [26/467] 劉備ユニコーンガンダム (UR)
  [27/467] サイコ・ハロ (UR)
  [28/467] オリヴァー・マイ (UR)
  [29/467] ダリル・ローレンツ (UR)
  [30/467] アナベル・ガトー(支援) (UR)
  [31/467] アスナ・エルマリート (UR)
  [32/467] パプテマス・シロッコ (UR)
  [33/467] アムロ・レイ(CCA)(支援) (UR)
  [34/467] バナージ・リンクス(支援) (UR)
  [35/467] フル・フロンタル (UR)
  [36/467] シャギア・フロスト (UR)
  [37/467] キラ・ヤマト (UR)
  [38/467] ラウ・ル・クルーゼ (UR)
  [39/467] ラクス・クライン (UR)
  [40/467] シン・アスカ (UR)
  [41/467] アセム・アスノ (UR)
  [42/467] アルジ・ミラージ (UR)
  [43/467] スレッタ・マーキュリー(支援) (UR)
  [44/467] レイジ (UR)
  [45/467] モンスターブラックドラゴン (UR)
  [46/467] マーク・ギルダー (UR)
  [47/467] アムロ・レイ(1st) (UR)
  [48/467] ノリス・パッカード (UR)
  [49/467] イオ・フレミング (UR)
  [50/467] コウ・ウラキ (UR)
  [51/467] ジュドー・アーシタ (UR)
  [52/467] リディ・マーセナス (UR)
  [53/467] ヨナ・バシュタ (UR)
  [54/467] レーン・エイム (UR)
  [55/467] シーブック・アノー (UR)
  [56/467] デュオ・マックスウェル(EW版) (UR)
  [57/467] ティファ・アディール (UR)
  [58/467] アスラン・ザラ (UR)
  [59/467] ロンド・ミナ・サハク (UR)
  [60/467] 三日月・オーガス(耐久) (UR)
  [61/467] ガエリオ・ボードウィン (UR)
  [62/467] スレッタ・マーキュリー(耐久) (UR)
  [63/467] ドズル・ザビ (SSR)
  [64/467] デメジエール・ソンネン (SSR)
  [65/467] オリヴァー・マイ (SSR)
  [66/467] アイナ・サハリン (SSR)
  [67/467] バーナード・ワイズマン (SSR)
  [68/467] ボルク・クライ (SSR)
  [69/467] ニムバス・シュターゼン (SSR)
  [70/467] ダリル・ローレンツ (SSR)
  [71/467] アマテ・ユズリハ(マチュ) (SSR)
  [72/467] シイコ・スガイ (SSR)
  [73/467] ニャアン (SSR)
  [74/467] シャリア・ブル(GQ)(0079) (SSR)
  [75/467] コウ・ウラキ (SSR)
  [76/467] レズン・シュナイダー (SSR)
  [77/467] アンジェロ・ザウパー (SSR)
  [78/467] エメラルダ・ズービン (SSR)
  [79/467] ケネス・スレッグ (SSR)
  [80/467] デフ・スタリオン (SSR)
  [81/467] サイ・サイシー (SSR)
  [82/467] ヒイロ・ユイ (SSR)
  [83/467] ソリス・アルモニア (SSR)
  [84/467] ロアビィ・ロイ (SSR)
  [85/467] エニル・エル (SSR)
  [86/467] ポゥ・エイジ (SSR)
  [87/467] イザーク・ジュール (SSR)
  [88/467] エドワード・ハレルソン (SSR)
  [89/467] ロンド・ギナ・サハク (SSR)
  [90/467] カナード・パルス (SSR)
  [91/467] イザーク・ジュール(DESTINY) (SSR)
  [92/467] シャル・アクスティカ (SSR)
  [93/467] アリーサ・ガンヘイル (SSR)
  [94/467] アミダ・アルカ (SSR)
  [95/467] アルジ・ミラージ (SSR)
  [96/467] ザディエル・ザルムフォート (SSR)
  [97/467] ウィスタリオ・アファム【強敵襲来】 (SSR)
  [98/467] ソフィ・プロネ (SSR)
  [99/467] イレイ・ハル (SSR)
  [100/467] 武者頑駄無【強敵襲来】 (SSR)
  [101/467] 騎士ジオング (SSR)
  [102/467] ジョニー・ライデン (SSR)
  [103/467] ジャン・リュック・デュバル (SSR)
  [104/467] モニク・キャディラック (SSR)
  [105/467] シロー・アマダ (SSR)
  [106/467] ヘンリー・ブーン (SSR)
  [107/467] イオ・フレミング (SSR)
  [108/467] シュウジ・イトウ【強敵襲来】 (SSR)
  [109/467] ガイア(GQ) (SSR)
  [110/467] エグザベ・オリベ (SSR)
  [111/467] クワトロ・バジーナ (SSR)
  [112/467] エルピー・プル (SSR)
  [113/467] ハサウェイ・ノア (SSR)
  [114/467] レーン・エイム (SSR)
  [115/467] アルゴ・ガルスキー (SSR)
  [116/467] カトル・ラバーバ・ウィナー (SSR)
  [117/467] ウィッツ・スー (SSR)
  [118/467] カガリ・ユラ・アスハ (SSR)
  [119/467] 叢雲劾 (SSR)
  [120/467] プレア・レヴェリー (SSR)
  [121/467] ルナマリア・ホーク (SSR)
  [122/467] ディアッカ・エルスマン(DESTINY) (SSR)
  [123/467] ミーア・キャンベル【強敵襲来】 (SSR)
  [124/467] グラーベ・ヴィオレント (SSR)
  [125/467] エイミー・ジンバリスト (SSR)
  [126/467] フリット・アスノ (SSR)
  [127/467] イオク・クジャン (SSR)
  [128/467] デイラ・ナディラ (SSR)
  [129/467] グエル・ジェターク (SSR)
  [130/467] ノヤマ・リナ (SSR)
  [131/467] 魔王サタンガンダム (SSR)
  [132/467] ゼロ・ムラサメ (SSR)
  [133/467] シン・マツナガ (SSR)
  [134/467] ヘルベルト・フォン・カスペン (SSR)
  [135/467] クリスチーナ・マッケンジー (SSR)
  [136/467] ユウ・カジマ (SSR)
  [137/467] シャア・アズナブル(GQ) (SSR)
  [138/467] オルテガ(GQ) (SSR)
  [139/467] ドゥー・ムラサメ (SSR)
  [140/467] アナベル・ガトー (SSR)
  [141/467] ケリィ・レズナー (SSR)
  [142/467] ラカン・ダカラン (SSR)
  [143/467] レッド・ウェイライン (SSR)
  [144/467] ダグザ・マックール (SSR)
  [145/467] ギギ・アンダルシア (SSR)
  [146/467] ジュリア・スガ (SSR)
  [147/467] チボデー・クロケット (SSR)
  [148/467] ジョルジュ・ド・サンド (SSR)
  [149/467] オデル・バーネット (SSR)
  [150/467] ランスロー・ダーウェル (SSR)
  [151/467] ロウ・ギュール (SSR)
  [152/467] レイ・ザ・バレル (SSR)
  [153/467] アンドリュー・バルトフェルド(DESTINY) (SSR)
  [154/467] ビサイド・ペイン (SSR)
  [155/467] ユリン・ルシェル (SSR)
  [156/467] カルタ・イシュー (SSR)
  [157/467] ジュリエッタ・ジュリス (SSR)
  [158/467] サンポ・ハクリ (SSR)
  [159/467] ノレア・デュノク (SSR)
  [160/467] 騎士ガンダム (SSR)
  [161/467] 騎士サザビー (SSR)
  [162/467] コマンドガンダム【強敵襲来】 (SSR)
  [163/467] セイラ・マス (SR)
  [164/467] ランバ・ラル (SR)
  [165/467] ガイア (SR)
  [166/467] オルテガ (SR)
  [167/467] ガルマ・ザビ (SR)
  [168/467] アレクサンドロ・ヘンメ (SR)
  [169/467] ヴェルナー・ホルバイン (SR)
  [170/467] ノリス・パッカード (SR)
  [171/467] ガブリエル・ラミレス・ガルシア (SR)
  [172/467] マリオン・ウェルチ (SR)
  [173/467] ゲーツ・キャパ(GQ) (SR)
  [174/467] サウス・バニング (SR)
  [175/467] ベルナルド・モンシア (SR)
  [176/467] シーマ・ガラハウ (SR)
  [177/467] クワトロ・バジーナ (SR)
  [178/467] ジェリド・メサ (SR)
  [179/467] ヤザン・ゲーブル(Z) (SR)
  [180/467] ダンケル・クーパー (SR)
  [181/467] ブラン・ブルターク (SR)
  [182/467] ジュドー・アーシタ (SR)
  [183/467] イリア・パゾム (SR)
  [184/467] キャラ・スーン (SR)
  [185/467] グレミー・トト (SR)
  [186/467] エルピー・プル (SR)
  [187/467] アムロ・レイ(CCA) (SR)
  [188/467] ケーラ・スゥ (SR)
  [189/467] ナイジェル・ギャレット (SR)
  [190/467] ダリル・マッギネス (SR)
  [191/467] フル・フロンタル (SR)
  [192/467] ギルボア・サント (SR)
  [193/467] ロニ・ガーベイ (SR)
  [194/467] ガウマン・ノビル (SR)
  [195/467] フェンサー・メイン (SR)
  [196/467] レーン・エイム (SR)
  [197/467] ドモン・カッシュ(攻撃) (SR)
  [198/467] チボデー・クロケット (SR)
  [199/467] 東方不敗マスター・アジア(攻撃) (SR)
  [200/467] ミケロ・チャリオット (SR)
  [201/467] アレンビー・ビアズリー (SR)
  [202/467] デュオ・マックスウェル (SR)
  [203/467] 張 五飛 (SR)
  [204/467] ミリアルド・ピースクラフト (SR)
  [205/467] ルクレツィア・ノイン (SR)
  [206/467] ガロード・ラン (SR)
  [207/467] シャギア・フロスト (SR)
  [208/467] ランスロー・ダーウェル (SR)
  [209/467] キラ・ヤマト(攻撃) (SR)
  [210/467] ムウ・ラ・フラガ (SR)
  [211/467] クロト・ブエル (SR)
  [212/467] アスラン・ザラ (SR)
  [213/467] ニコル・アマルフィ (SR)
  [214/467] アンドリュー・バルトフェルド (SR)
  [215/467] ジュリ・ウー・ニェン (SR)
  [216/467] シホ・ハーネンフース (SR)
  [217/467] モーガン・シュバリエ (SR)
  [218/467] 蘊・奥 (SR)
  [219/467] メイア・シヴァ (SR)
  [220/467] アラン・ローランド (SR)
  [221/467] キラ・ヤマト(DESTINY) (SR)
  [222/467] ルナマリア・ホーク (SR)
  [223/467] レイ・ザ・バレル (SR)
  [224/467] ステラ・ルーシェ (SR)
  [225/467] ハイネ・ヴェステンフルス (SR)
  [226/467] ハレルヤ・ハプティズム (SR)
  [227/467] ミハエル・トリニティ (SR)
  [228/467] アレハンドロ・コーナー (SR)
  [229/467] セルゲイ・スミルノフ (SR)
  [230/467] アリー・アル・サーシェス (SR)
  [231/467] ウルフ・エニアクル (SR)
  [232/467] デシル・ガレット (SR)
  [233/467] ギーラ・ゾイ (SR)
  [234/467] イワーク・ブライア (SR)
  [235/467] アセム・アスノ (SR)
  [236/467] ウルフ・エニアクル(アセム編) (SR)
  [237/467] ゼハート・ガレット (SR)
  [238/467] メデル・ザント (SR)
  [239/467] 三日月・オーガス (SR)
  [240/467] ユージン・セブンスターク (SR)
  [241/467] ノルバ・シノ (SR)
  [242/467] デルマ (SR)
  [243/467] マクギリス・ファリド (SR)
  [244/467] アイン・ダルトン (SR)
  [245/467] モンターク (SR)
  [246/467] イオク・クジャン (SR)
  [247/467] ヴィダール (SR)
  [248/467] サンドバル・ロイター (SR)
  [249/467] ロザーリオ・レオーネ (SR)
  [250/467] ジジル・ジジン (SR)
  [251/467] スレッタ・マーキュリー(攻撃) (SR)
  [252/467] エラン・ケレス (SR)
  [253/467] メイジー・メイ (SR)
  [254/467] レネ・コスタ (SR)
  [255/467] ラウダ・ニール (SR)
  [256/467] フェルシー・ロロ (SR)
  [257/467] エラン・ケレス(強化人士5号) (SR)
  [258/467] オルコット (SR)
  [259/467] 戦士ガンキャノン (SR)
  [260/467] アムロ・レイ(1st) (SR)
  [261/467] シャア・アズナブル (SR)
  [262/467] マッシュ (SR)
  [263/467] エルヴィン・キャディラック (SR)
  [264/467] テリー・サンダースJr. (SR)
  [265/467] ギニアス・サハリン (SR)
  [266/467] ハーディ・シュタイナー (SR)
  [267/467] ミハイル・カミンスキー (SR)
  [268/467] サマナ・フュリス (SR)
  [269/467] フィリップ・ヒューズ (SR)
  [270/467] ボカタ (SR)
  [271/467] チャック・キース (SR)
  [272/467] チャップ・アデル (SR)
  [273/467] カリウス (SR)
  [274/467] カミーユ・ビダン(支援) (SR)
  [275/467] ファ・ユイリィ (SR)
  [276/467] カツ・コバヤシ (SR)
  [277/467] アムロ・レイ(Z) (SR)
  [278/467] サラ・ザビアロフ (SR)
  [279/467] ラムサス・ハサ (SR)
  [280/467] ハマーン・カーン(Z) (SR)
  [281/467] ルー・ルカ (SR)
  [282/467] ハマーン・カーン(ZZ) (SR)
  [283/467] シャア・アズナブル(CCA) (SR)
  [284/467] ギュネイ・ガス (SR)
  [285/467] リディ・マーセナス (SR)
  [286/467] ワッツ・ステップニー (SR)
  [287/467] マリーダ・クルス (SR)
  [288/467] ヨンム・カークス (SR)
  [289/467] エメラルダ・ズービン (SR)
  [290/467] サイ・サイシー (SR)
  [291/467] ジョルジュ・ド・サンド (SR)
  [292/467] シュバルツ・ブルーダー (SR)
  [293/467] レイン・ミカムラ (SR)
  [294/467] ウルベ・イシカワ (SR)
  [295/467] ヒイロ・ユイ (SR)
  [296/467] カトル・ラバーバ・ウィナー (SR)
  [297/467] ウィッツ・スー (SR)
  [298/467] ロアビィ・ロイ (SR)
  [299/467] カリス・ノーティラス (SR)
  [300/467] パーラ・シス (SR)
  [301/467] キラ・ヤマト(支援) (SR)
  [302/467] オルガ・サブナック (SR)
  [303/467] ディアッカ・エルスマン (SR)
  [304/467] ミゲル・アイマン (SR)
  [305/467] マユラ・ラバッツ (SR)
  [306/467] ミハイル・コースト (SR)
  [307/467] イライジャ・キール (SR)
  [308/467] マリーン (SR)
  [309/467] スティング・オークレー (SR)
  [310/467] アレックス・ディノ (SR)
  [311/467] アスラン・ザラ(DESTINY) (SR)
  [312/467] マーズ・シメオン (SR)
  [313/467] ロックオン・ストラトス (SR)
  [314/467] アレルヤ・ハプティズム (SR)
  [315/467] ネーナ・トリニティ (SR)
  [316/467] グラハム・エーカー (SR)
  [317/467] パトリック・コーラサワー (SR)
  [318/467] ソーマ・ピーリス (SR)
  [319/467] ラーガン・ドレイス (SR)
  [320/467] ラクト・エルファメル (SR)
  [321/467] オブライト・ローレイン (SR)
  [322/467] マックス・ハートウェイ (SR)
  [323/467] デシル・ガレット(支援) (SR)
  [324/467] ドール・フロスト (SR)
  [325/467] ビスケット・グリフォン (SR)
  [326/467] 昭弘・アルトランド (SR)
  [327/467] ラフタ・フランクランド (SR)
  [328/467] アジー・グルミン (SR)
  [329/467] ダンテ・モグロ (SR)
  [330/467] ハッシュ・ミディ (SR)
  [331/467] ジュリエッタ・ジュリス (SR)
  [332/467] ガエリオ・ボードウィン(支援) (SR)
  [333/467] ジャンマルコ・サレルノ (SR)
  [334/467] ザザ・フォッシル (SR)
  [335/467] スレッタ・マーキュリー(支援) (SR)
  [336/467] シャディク・ゼネリ (SR)
  [337/467] ノレア・デュノク (SR)
  [338/467] エナオ・ジャズ (SR)
  [339/467] ケナンジ・アベリー (SR)
  [340/467] 僧侶ガンタンク (SR)
  [341/467] 騎士グフ (SR)
  [342/467] 騎士ギャン (SR)
  [343/467] 騎士ゲルググ (SR)
  [344/467] スレッガー・ロウ (SR)
  [345/467] ララァ・スン (SR)
  [346/467] デニム (SR)
  [347/467] アカハナ (SR)
  [348/467] マ・クベ (SR)
  [349/467] ヒデト・ワシヤ (SR)
  [350/467] フェデリコ・ツァリアーノ (SR)
  [351/467] カレン・ジョシュワ (SR)
  [352/467] アンディ・ストロース (SR)
  [353/467] アルファ・A・ベイト (SR)
  [354/467] アナベル・ガトー (SR)
  [355/467] カミーユ・ビダン(耐久) (SR)
  [356/467] エマ・シーン (SR)
  [357/467] マウアー・ファラオ (SR)
  [358/467] パプテマス・シロッコ (SR)
  [359/467] レコア・ロンド (SR)
  [360/467] ロザミア・バダム (SR)
  [361/467] フォウ・ムラサメ (SR)
  [362/467] マシュマー・セロ (SR)
  [363/467] プルツー (SR)
  [364/467] ヤザン・ゲーブル(ZZ) (SR)
  [365/467] クェス・パラヤ (SR)
  [366/467] レズン・シュナイダー (SR)
  [367/467] バナージ・リンクス (SR)
  [368/467] アンジェロ・ザウパー (SR)
  [369/467] ガエル・チャン (SR)
  [370/467] ハサウェイ・ノア (SR)
  [371/467] レイモンド・ケイン (SR)
  [372/467] ドモン・カッシュ(耐久) (SR)
  [373/467] アルゴ・ガルスキー (SR)
  [374/467] 東方不敗マスター・アジア(耐久) (SR)
  [375/467] ジェントル・チャップマン (SR)
  [376/467] キラル・メキレル (SR)
  [377/467] トロワ・バートン (SR)
  [378/467] ゼクス・マーキス (SR)
  [379/467] トレーズ・クシュリナーダ (SR)
  [380/467] ジャミル・ニート (SR)
  [381/467] オルバ・フロスト (SR)
  [382/467] シャニ・アンドラス (SR)
  [383/467] ラウ・ル・クルーゼ (SR)
  [384/467] イザーク・ジュール (SR)
  [385/467] アサギ・コードウェル (SR)
  [386/467] リーアム・ガーフィールド (SR)
  [387/467] バルサム・アーレンド (SR)
  [388/467] シン・アスカ (SR)
  [389/467] ネオ・ロアノーク (SR)
  [390/467] アウル・ニーダ (SR)
  [391/467] ヒルダ・ハーケン (SR)
  [392/467] ヘルベルト・フォン・ラインハルト (SR)
  [393/467] ネオ・ロアノーク(オーブ所属) (SR)
  [394/467] 刹那・F・セイエイ (SR)
  [395/467] ティエリア・アーデ (SR)
  [396/467] ヨハン・トリニティ (SR)
  [397/467] フリット・アスノ (SR)
  [398/467] ドン・ボヤージ (SR)
  [399/467] アリーサ・ガンヘイル (SR)
  [400/467] ダズ・ローデン (SR)
  [401/467] アストン (SR)
  [402/467] ガエリオ・ボードウィン (SR)
  [403/467] クランク・ゼント (SR)
  [404/467] クダル・カデル (SR)
  [405/467] チャド・チャダーン (SR)
  [406/467] ライド・マッス (SR)
  [407/467] 石動・カミーチェ (SR)
  [408/467] タカキ・ウノ (SR)
  [409/467] ユハナ・ハクリ (SR)
  [410/467] ナナオ・ナロリナ (SR)
  [411/467] グエル・ジェターク (SR)
  [412/467] ソフィ・プロネ (SR)
  [413/467] サビーナ・ファルディン (SR)
  [414/467] イリーシャ・プラノ (SR)
  [415/467] 妖精ジムスナイパーカスタム (SR)
  [416/467] 戦士ザク (SR)
  [417/467] 戦士ドム (SR)
  [418/467] リュウ・ホセイ (R)
  [419/467] アポリー・ベイ (R)
  [420/467] ビーチャ・オーレグ (R)
  [421/467] モンド・アガケ (R)
  [422/467] ギュネイ・ガス (R)
  [423/467] ノーム・バシリコック (R)
  [424/467] ミケロ・チャリオット (R)
  [425/467] ラッセ・アイオン (R)
  [426/467] チュアチュリー・パンランチ (R)
  [427/467] ラナロウ・シェイド (R)
  [428/467] ジュナス・リアム (R)
  [429/467] エルンスト・イェーガー (R)
  [430/467] ニキ・テイラー (R)
  [431/467] エルフリーデ・シュルツ (R)
  [432/467] イワン・イワノフ (R)
  [433/467] ネリィ・オルソン (R)
  [434/467] ブラッド (R)
  [435/467] シス・ミットヴィル (R)
  [436/467] シャポー・チェレンシィ (R)
  [437/467] デネボラ・シャヒム (R)
  [438/467] ジュウゾー・オハラ (R)
  [439/467] ハヤト・コバヤシ (R)
  [440/467] ロベルト (R)
  [441/467] エル・ビアンノ (R)
  [442/467] ハサウェイ・ノア (R)
  [443/467] ダグザ・マックール (R)
  [444/467] ジェントル・チャップマン (R)
  [445/467] トール・ケーニヒ (R)
  [446/467] エリス・クロード (R)
  [447/467] シェルド・フォーリー (R)
  [448/467] ビリー・ブレイズ (R)
  [449/467] ラ・ミラ・ルナ (R)
  [450/467] エターナ・フレイル (R)
  [451/467] エイブラム・M・ラムザット (R)
  [452/467] レリーレ・アルナイル (R)
  [453/467] レッセル・ミズカ (R)
  [454/467] カイ・シデン (R)
  [455/467] イーノ・アッバーブ (R)
  [456/467] チェーン・アギ (R)
  [457/467] ラシード・クラマ (R)
  [458/467] ムウ・ラ・フラガ (R)
  [459/467] ケナンジ・アベリー (R)
  [460/467] クレア・ヒースロー (R)
  [461/467] ケイ・ニムロッド (R)
  [462/467] フローレンス・キリシマ (R)
  [463/467] ブランド・フリーズ (R)
  [464/467] カチュア・リィス (R)
  [465/467] ゴート・ローガン (R)
  [466/467] アゼリア・ツィー (R)
  [467/467] サダニ・アルマーズ (R)

============================================================
PHASE 3: Scraping Supporters
============================================================
[INFO] Fetching supporter list: https://wikiwiki.jp/gget/%E3%82%B5%E3%83%9D%E3%83%BC%E3%82%BF%E3%83%BC%E3%83%AA%E3%82%B9%E3%83%88
[INFO] Found 70 supporter links
  [1/70] ブライト・ノア＆ホワイトベース (UR)
  [2/70] クローディア・ペール＆ビーハイヴ (UR)
  [3/70] ヘンケン・ベッケナー＆ラーディッシュ (UR)
  [4/70] グレミー・トト＆サンドラ (UR)
  [5/70] リリーナ・ドーリアン＆ピースミリオン (UR)
  [6/70] ジャミル・ニート＆フリーデンⅡ (UR)
  [7/70] マリュー・ラミアス＆アークエンジェル (UR)
  [8/70] スメラギ・李・ノリエガ＆プトレマイオス (UR)
  [9/70] オルガ・イツカ＆イサリビ (UR)
  [10/70] アトラ・ミクスタ＆ホタルビ (UR)
  [11/70] ミオリネ・レンブラン＆学園艦 (UR)
  [12/70] 風花・アジャー＆ローラシア級 (UR)
  [13/70] キョウジ・カッシュ＆デビルガンダム第2形態 (UR)
  [14/70] ムルタ・アズラエル＆ドミニオン (UR)
  [15/70] ファ・ユイリィ＆アーガマ (UR)
  [16/70] クーデリア・藍那・バーンスタイン＆イサリビ (UR)
  [17/70] ティファ・アディール＆フリーデン (UR)
  [18/70] フラウ・ボゥ＆ホワイトベース (UR)
  [19/70] ビーチャ・オーレグ＆ネェル・アーガマ (UR)
  [20/70] レイン・ミカムラ＆ブッド・キャリアー (UR)
  [21/70] マリナ・イスマイール＆プトレマイオス2 (UR)
  [22/70] ルクレツィア・ノイン＆スーパーソニックトランスポーター (UR)
  [23/70] ラスタル・エリオン＆スキップジャック級戦艦 (UR)
  [24/70] ベルトーチカ・イルマ＆アウドムラ (UR)
  [25/70] アンドリュー・バルトフェルド＆エターナル (UR)
  [26/70] エイパー・シナプス＆アルビオン (UR)
  [27/70] ララァ・スン＆ザンジバル (UR)
  [28/70] 騎士アムロ＆天馬ホワイトベース (UR)
  [29/70] シーマ・ガラハウ＆リリー・マルレーン (UR)
  [30/70] ミネバ・ラオ・ザビ＆ガランシェール (UR)
  [31/70] ギギ・アンダルシア＆ハウンゼン356便 (UR)
  [32/70] グルーデック・エイノア＆ディーヴァ (UR)
  [33/70] エレドア・マシス＆ホバートラック (UR)
  [34/70] ラクス・クライン＆エターナル (UR)
  [35/70] タリア・グラディス＆ミネルバ (UR)
  [36/70] ブライト・ノア＆ラー・カイラム (UR)
  [37/70] オットー・ミタス＆ネェル・アーガマ(ロンドベル隊仕様) (UR)
  [38/70] ドレン＆ムサイ (SSR)
  [39/70] ベン・ウッダー＆スードリ (SSR)
  [40/70] ゴットン・ゴー＆エンドラ (SSR)
  [41/70] エマリー・オンス＆ラビアンローズ (SSR)
  [42/70] チェーン・アギ＆ラー・カイラム (SSR)
  [43/70] スベロア・ジンネマン＆ガランシェール (SSR)
  [44/70] ヒル・ドーソン＆レウルーラ(袖付き) (SSR)
  [45/70] ナスターシャ・ザビコフ＆ゴルビーⅡ (SSR)
  [46/70] レディ・アン＆宇宙要塞バルジ (SSR)
  [47/70] サラ・タイレル＆フリーデン (SSR)
  [48/70] ナタル・バジルール＆ドミニオン (SSR)
  [49/70] キャプテンGG＆リ・ホーム (SSR)
  [50/70] プロフェッサー＆リ・ホーム (SSR)
  [51/70] メイリン・ホーク＆ミネルバ (SSR)
  [52/70] カティ・マネキン＆ヴァージニア (SSR)
  [53/70] デシル・ガレット＆ファ・ボーゼ (SSR)
  [54/70] 名瀬・タービン＆ハンマーヘッド (SSR)
  [55/70] リアリナ・モルガトン＆ビスコー級クルーザー (SSR)
  [56/70] ケナンジ・アベリー＆ユリシーズ (SSR)
  [57/70] キシリア・ザビ＆グワジン (SSR)
  [58/70] フレドリック・アデス＆ヴェサリウス (SSR)
  [59/70] ハヤト・コバヤシ＆アウドムラ (SSR)
  [60/70] ドクターJ＆ピースミリオン (SSR)
  [61/70] フレイ・アルスター＆アークエンジェル (SSR)
  [62/70] ギレン・ザビ＆ア・バオア・クー (SSR)
  [63/70] モーリン・キタムラ＆ミデア (SSR)
  [64/70] 機動戦士ガンダム 閃光のハサウェイ キルケーの魔女 (SSR)
  [65/70] ゼノン・ティーゲル＆キャリー・ベース2 (SR)
  [66/70] レイチェル・ランサム＆キャリー・ベース2 (SR)
  [67/70] ルーナ・マナ＆キャリー・ベース (SR)
  [68/70] クー・シー＆キャリー・ベース (SR)
  [69/70] キシリア・ザビ(GQ)(0085)＆チベ(パープルウィドウ) (SR)
  [70/70] 騎士セイラ＆天馬ホワイトベース (SR)

[INFO] Total items scraped: 861
[DONE] Saved to /Users/RH/Documents/5.File/5.Dev/GGeneDB/public/units.json
[INFO] Progress file cleaned up
